./lu-omp: 8000 4
OMP: Info #212: KMP_AFFINITY: decoding x2APIC ids.
OMP: Info #210: KMP_AFFINITY: Affinity capable, using global cpuid leaf 11 info
OMP: Info #154: KMP_AFFINITY: Initial OS proc set respected: 0-47
OMP: Info #156: KMP_AFFINITY: 48 available OS procs
OMP: Info #157: KMP_AFFINITY: Uniform topology
OMP: Info #179: KMP_AFFINITY: 2 packages x 12 cores/pkg x 2 threads/core (24 total cores)
OMP: Info #214: KMP_AFFINITY: OS proc to physical thread map:
OMP: Info #171: KMP_AFFINITY: OS proc 0 maps to package 0 core 0 thread 0 
OMP: Info #171: KMP_AFFINITY: OS proc 24 maps to package 0 core 0 thread 1 
OMP: Info #171: KMP_AFFINITY: OS proc 4 maps to package 0 core 1 thread 0 
OMP: Info #171: KMP_AFFINITY: OS proc 28 maps to package 0 core 1 thread 1 
OMP: Info #171: KMP_AFFINITY: OS proc 8 maps to package 0 core 3 thread 0 
OMP: Info #171: KMP_AFFINITY: OS proc 32 maps to package 0 core 3 thread 1 
OMP: Info #171: KMP_AFFINITY: OS proc 10 maps to package 0 core 4 thread 0 
OMP: Info #171: KMP_AFFINITY: OS proc 34 maps to package 0 core 4 thread 1 
OMP: Info #171: KMP_AFFINITY: OS proc 6 maps to package 0 core 5 thread 0 
OMP: Info #171: KMP_AFFINITY: OS proc 30 maps to package 0 core 5 thread 1 
OMP: Info #171: KMP_AFFINITY: OS proc 2 maps to package 0 core 6 thread 0 
OMP: Info #171: KMP_AFFINITY: OS proc 26 maps to package 0 core 6 thread 1 
OMP: Info #171: KMP_AFFINITY: OS proc 12 maps to package 0 core 8 thread 0 
OMP: Info #171: KMP_AFFINITY: OS proc 36 maps to package 0 core 8 thread 1 
OMP: Info #171: KMP_AFFINITY: OS proc 16 maps to package 0 core 9 thread 0 
OMP: Info #171: KMP_AFFINITY: OS proc 40 maps to package 0 core 9 thread 1 
OMP: Info #171: KMP_AFFINITY: OS proc 20 maps to package 0 core 10 thread 0 
OMP: Info #171: KMP_AFFINITY: OS proc 44 maps to package 0 core 10 thread 1 
OMP: Info #171: KMP_AFFINITY: OS proc 22 maps to package 0 core 11 thread 0 
OMP: Info #171: KMP_AFFINITY: OS proc 46 maps to package 0 core 11 thread 1 
OMP: Info #171: KMP_AFFINITY: OS proc 18 maps to package 0 core 12 thread 0 
OMP: Info #171: KMP_AFFINITY: OS proc 42 maps to package 0 core 12 thread 1 
OMP: Info #171: KMP_AFFINITY: OS proc 14 maps to package 0 core 13 thread 0 
OMP: Info #171: KMP_AFFINITY: OS proc 38 maps to package 0 core 13 thread 1 
OMP: Info #171: KMP_AFFINITY: OS proc 1 maps to package 1 core 0 thread 0 
OMP: Info #171: KMP_AFFINITY: OS proc 25 maps to package 1 core 0 thread 1 
OMP: Info #171: KMP_AFFINITY: OS proc 5 maps to package 1 core 2 thread 0 
OMP: Info #171: KMP_AFFINITY: OS proc 29 maps to package 1 core 2 thread 1 
OMP: Info #171: KMP_AFFINITY: OS proc 9 maps to package 1 core 3 thread 0 
OMP: Info #171: KMP_AFFINITY: OS proc 33 maps to package 1 core 3 thread 1 
OMP: Info #171: KMP_AFFINITY: OS proc 7 maps to package 1 core 4 thread 0 
OMP: Info #171: KMP_AFFINITY: OS proc 31 maps to package 1 core 4 thread 1 
OMP: Info #171: KMP_AFFINITY: OS proc 3 maps to package 1 core 5 thread 0 
OMP: Info #171: KMP_AFFINITY: OS proc 27 maps to package 1 core 5 thread 1 
OMP: Info #171: KMP_AFFINITY: OS proc 13 maps to package 1 core 8 thread 0 
OMP: Info #171: KMP_AFFINITY: OS proc 37 maps to package 1 core 8 thread 1 
OMP: Info #171: KMP_AFFINITY: OS proc 17 maps to package 1 core 9 thread 0 
OMP: Info #171: KMP_AFFINITY: OS proc 41 maps to package 1 core 9 thread 1 
OMP: Info #171: KMP_AFFINITY: OS proc 21 maps to package 1 core 10 thread 0 
OMP: Info #171: KMP_AFFINITY: OS proc 45 maps to package 1 core 10 thread 1 
OMP: Info #171: KMP_AFFINITY: OS proc 23 maps to package 1 core 11 thread 0 
OMP: Info #171: KMP_AFFINITY: OS proc 47 maps to package 1 core 11 thread 1 
OMP: Info #171: KMP_AFFINITY: OS proc 19 maps to package 1 core 12 thread 0 
OMP: Info #171: KMP_AFFINITY: OS proc 43 maps to package 1 core 12 thread 1 
OMP: Info #171: KMP_AFFINITY: OS proc 15 maps to package 1 core 13 thread 0 
OMP: Info #171: KMP_AFFINITY: OS proc 39 maps to package 1 core 13 thread 1 
OMP: Info #171: KMP_AFFINITY: OS proc 11 maps to package 1 core 14 thread 0 
OMP: Info #171: KMP_AFFINITY: OS proc 35 maps to package 1 core 14 thread 1 
OMP: Info #144: KMP_AFFINITY: Threads may migrate across 1 innermost levels of machine
OMP: Info #250: KMP_AFFINITY: pid 247502 tid 247502 thread 0 bound to OS proc set 0,24
OMP: Info #250: OMP_PROC_BIND: pid 247502 tid 247504 thread 2 bound to OS proc set 1,25
OMP: Info #250: OMP_PROC_BIND: pid 247502 tid 247503 thread 1 bound to OS proc set 12,36
OMP: Info #250: OMP_PROC_BIND: pid 247502 tid 247505 thread 3 bound to OS proc set 17,41
elapsed time: 43s
173.58user 2.54system 0:44.31elapsed 397%CPU (0avgtext+0avgdata 1539852maxresident)k
376inputs+40outputs (1major+389547minor)pagefaults 0swaps
./lu-omp: 8000 8
OMP: Info #212: KMP_AFFINITY: decoding x2APIC ids.
OMP: Info #210: KMP_AFFINITY: Affinity capable, using global cpuid leaf 11 info
OMP: Info #154: KMP_AFFINITY: Initial OS proc set respected: 0-47
OMP: Info #156: KMP_AFFINITY: 48 available OS procs
OMP: Info #157: KMP_AFFINITY: Uniform topology
OMP: Info #179: KMP_AFFINITY: 2 packages x 12 cores/pkg x 2 threads/core (24 total cores)
OMP: Info #214: KMP_AFFINITY: OS proc to physical thread map:
OMP: Info #171: KMP_AFFINITY: OS proc 0 maps to package 0 core 0 thread 0 
OMP: Info #171: KMP_AFFINITY: OS proc 24 maps to package 0 core 0 thread 1 
OMP: Info #171: KMP_AFFINITY: OS proc 4 maps to package 0 core 1 thread 0 
OMP: Info #171: KMP_AFFINITY: OS proc 28 maps to package 0 core 1 thread 1 
OMP: Info #171: KMP_AFFINITY: OS proc 8 maps to package 0 core 3 thread 0 
OMP: Info #171: KMP_AFFINITY: OS proc 32 maps to package 0 core 3 thread 1 
OMP: Info #171: KMP_AFFINITY: OS proc 10 maps to package 0 core 4 thread 0 
OMP: Info #171: KMP_AFFINITY: OS proc 34 maps to package 0 core 4 thread 1 
OMP: Info #171: KMP_AFFINITY: OS proc 6 maps to package 0 core 5 thread 0 
OMP: Info #171: KMP_AFFINITY: OS proc 30 maps to package 0 core 5 thread 1 
OMP: Info #171: KMP_AFFINITY: OS proc 2 maps to package 0 core 6 thread 0 
OMP: Info #171: KMP_AFFINITY: OS proc 26 maps to package 0 core 6 thread 1 
OMP: Info #171: KMP_AFFINITY: OS proc 12 maps to package 0 core 8 thread 0 
OMP: Info #171: KMP_AFFINITY: OS proc 36 maps to package 0 core 8 thread 1 
OMP: Info #171: KMP_AFFINITY: OS proc 16 maps to package 0 core 9 thread 0 
OMP: Info #171: KMP_AFFINITY: OS proc 40 maps to package 0 core 9 thread 1 
OMP: Info #171: KMP_AFFINITY: OS proc 20 maps to package 0 core 10 thread 0 
OMP: Info #171: KMP_AFFINITY: OS proc 44 maps to package 0 core 10 thread 1 
OMP: Info #171: KMP_AFFINITY: OS proc 22 maps to package 0 core 11 thread 0 
OMP: Info #171: KMP_AFFINITY: OS proc 46 maps to package 0 core 11 thread 1 
OMP: Info #171: KMP_AFFINITY: OS proc 18 maps to package 0 core 12 thread 0 
OMP: Info #171: KMP_AFFINITY: OS proc 42 maps to package 0 core 12 thread 1 
OMP: Info #171: KMP_AFFINITY: OS proc 14 maps to package 0 core 13 thread 0 
OMP: Info #171: KMP_AFFINITY: OS proc 38 maps to package 0 core 13 thread 1 
OMP: Info #171: KMP_AFFINITY: OS proc 1 maps to package 1 core 0 thread 0 
OMP: Info #171: KMP_AFFINITY: OS proc 25 maps to package 1 core 0 thread 1 
OMP: Info #171: KMP_AFFINITY: OS proc 5 maps to package 1 core 2 thread 0 
OMP: Info #171: KMP_AFFINITY: OS proc 29 maps to package 1 core 2 thread 1 
OMP: Info #171: KMP_AFFINITY: OS proc 9 maps to package 1 core 3 thread 0 
OMP: Info #171: KMP_AFFINITY: OS proc 33 maps to package 1 core 3 thread 1 
OMP: Info #171: KMP_AFFINITY: OS proc 7 maps to package 1 core 4 thread 0 
OMP: Info #171: KMP_AFFINITY: OS proc 31 maps to package 1 core 4 thread 1 
OMP: Info #171: KMP_AFFINITY: OS proc 3 maps to package 1 core 5 thread 0 
OMP: Info #171: KMP_AFFINITY: OS proc 27 maps to package 1 core 5 thread 1 
OMP: Info #171: KMP_AFFINITY: OS proc 13 maps to package 1 core 8 thread 0 
OMP: Info #171: KMP_AFFINITY: OS proc 37 maps to package 1 core 8 thread 1 
OMP: Info #171: KMP_AFFINITY: OS proc 17 maps to package 1 core 9 thread 0 
OMP: Info #171: KMP_AFFINITY: OS proc 41 maps to package 1 core 9 thread 1 
OMP: Info #171: KMP_AFFINITY: OS proc 21 maps to package 1 core 10 thread 0 
OMP: Info #171: KMP_AFFINITY: OS proc 45 maps to package 1 core 10 thread 1 
OMP: Info #171: KMP_AFFINITY: OS proc 23 maps to package 1 core 11 thread 0 
OMP: Info #171: KMP_AFFINITY: OS proc 47 maps to package 1 core 11 thread 1 
OMP: Info #171: KMP_AFFINITY: OS proc 19 maps to package 1 core 12 thread 0 
OMP: Info #171: KMP_AFFINITY: OS proc 43 maps to package 1 core 12 thread 1 
OMP: Info #171: KMP_AFFINITY: OS proc 15 maps to package 1 core 13 thread 0 
OMP: Info #171: KMP_AFFINITY: OS proc 39 maps to package 1 core 13 thread 1 
OMP: Info #171: KMP_AFFINITY: OS proc 11 maps to package 1 core 14 thread 0 
OMP: Info #171: KMP_AFFINITY: OS proc 35 maps to package 1 core 14 thread 1 
OMP: Info #144: KMP_AFFINITY: Threads may migrate across 1 innermost levels of machine
OMP: Info #250: KMP_AFFINITY: pid 247545 tid 247545 thread 0 bound to OS proc set 0,24
OMP: Info #250: OMP_PROC_BIND: pid 247545 tid 247546 thread 1 bound to OS proc set 10,34
OMP: Info #250: OMP_PROC_BIND: pid 247545 tid 247549 thread 4 bound to OS proc set 1,25
OMP: Info #250: OMP_PROC_BIND: pid 247545 tid 247551 thread 6 bound to OS proc set 17,41
OMP: Info #250: OMP_PROC_BIND: pid 247545 tid 247547 thread 2 bound to OS proc set 12,36
OMP: Info #250: OMP_PROC_BIND: pid 247545 tid 247552 thread 7 bound to OS proc set 19,43
OMP: Info #250: OMP_PROC_BIND: pid 247545 tid 247548 thread 3 bound to OS proc set 22,46
OMP: Info #250: OMP_PROC_BIND: pid 247545 tid 247550 thread 5 bound to OS proc set 7,31
elapsed time: 22s
184.15user 2.46system 0:23.84elapsed 782%CPU (0avgtext+0avgdata 1546288maxresident)k
0inputs+40outputs (0major+389960minor)pagefaults 0swaps
